# JRE version: OpenJDK Runtime Environment Temurin-21.0.9+10 (21.0.9+10) (build 21.0.9+10-LTS)
# Java VM: OpenJDK 64-Bit Server VM Temurin-21.0.9+10 (21.0.9+10-LTS, mixed mode, sharing, tiered, compressed oops, compressed class ptrs, g1 gc, windows-amd64)
GC Precious Log:
 CardTable entry size: 512
 Card Set container configuration: InlinePtr #cards 4 size 8 Array Of Cards #cards 16 size 48 Howl #buckets 8 coarsen threshold 3686 Howl Bitmap #cards 512 size 80 coarsen threshold 460 Card regions per heap region 1 cards per card region 4096
 CPUs: 8 total, 8 available
 Memory: 16167M
 Large Page Support: Disabled
 NUMA Support: Disabled
 Compressed Oops: Enabled (Zero based)
 Heap Region Size: 2M
 Heap Min Capacity: 256M
 Heap Initial Capacity: 256M
 Heap Max Capacity: 4G
 Pre-touch: Disabled
 Parallel Workers: 8
 Concurrent Workers: 2
 Concurrent Refinement Workers: 8
 Periodic GC: Disabled
Heap:
 garbage-first heap   total 403456K, used 362724K [0x0000000700000000, 0x0000000800000000)
  region size 2048K, 62 young (126976K), 6 survivors (12288K)
 Metaspace       used 106255K, committed 107648K, reserved 1179648K
  class space    used 17938K, committed 18560K, reserved 1048576K
GC Heap History (20 events):
Event: 20.631 GC heap before
{Heap before GC invocations=16 (full 0):
 garbage-first heap   total 325632K, used 278036K [0x0000000700000000, 0x0000000800000000)
  region size 2048K, 68 young (139264K), 9 survivors (18432K)
 Metaspace       used 37394K, committed 38208K, reserved 1114112K
  class space    used 4639K, committed 4992K, reserved 1048576K
}
Event: 20.660 GC heap after
{Heap after GC invocations=17 (full 0):
 garbage-first heap   total 325632K, used 181639K [0x0000000700000000, 0x0000000800000000)
  region size 2048K, 9 young (18432K), 9 survivors (18432K)
 Metaspace       used 37394K, committed 38208K, reserved 1114112K
  class space    used 4639K, committed 4992K, reserved 1048576K
}
Event: 21.896 GC heap before
{Heap before GC invocations=17 (full 0):
 garbage-first heap   total 325632K, used 281991K [0x0000000700000000, 0x0000000800000000)
  region size 2048K, 58 young (118784K), 9 survivors (18432K)
 Metaspace       used 44087K, committed 45056K, reserved 1114112K
  class space    used 5551K, committed 5952K, reserved 1048576K
}
Event: 21.922 GC heap after
{Heap after GC invocations=18 (full 0):
 garbage-first heap   total 325632K, used 188919K [0x0000000700000000, 0x0000000800000000)
  region size 2048K, 5 young (10240K), 5 survivors (10240K)
 Metaspace       used 44087K, committed 45056K, reserved 1114112K
  class space    used 5551K, committed 5952K, reserved 1048576K
}
Event: 22.829 GC heap before
{Heap before GC invocations=18 (full 0):
 garbage-first heap   total 325632K, used 287223K [0x0000000700000000, 0x0000000800000000)
  region size 2048K, 53 young (108544K), 5 survivors (10240K)
 Metaspace       used 48102K, committed 49024K, reserved 1114112K
  class space    used 6088K, committed 6528K, reserved 1048576K
}
Event: 22.842 GC heap after
{Heap after GC invocations=19 (full 0):
 garbage-first heap   total 391168K, used 192371K [0x0000000700000000, 0x0000000800000000)
  region size 2048K, 6 young (12288K), 6 survivors (12288K)
 Metaspace       used 48102K, committed 49024K, reserved 1114112K
  class space    used 6088K, committed 6528K, reserved 1048576K
}
Event: 24.724 GC heap before
{Heap before GC invocations=20 (full 0):
 garbage-first heap   total 391168K, used 343923K [0x0000000700000000, 0x0000000800000000)
  region size 2048K, 80 young (163840K), 6 survivors (12288K)
 Metaspace       used 51304K, committed 52288K, reserved 1114112K
  class space    used 6924K, committed 7360K, reserved 1048576K
}
Event: 24.742 GC heap after
{Heap after GC invocations=21 (full 0):
 garbage-first heap   total 391168K, used 203794K [0x0000000700000000, 0x0000000800000000)
  region size 2048K, 8 young (16384K), 8 survivors (16384K)
 Metaspace       used 51304K, committed 52288K, reserved 1114112K
  class space    used 6924K, committed 7360K, reserved 1048576K
}
Event: 25.233 GC heap before
{Heap before GC invocations=21 (full 0):
 garbage-first heap   total 391168K, used 349202K [0x0000000700000000, 0x0000000800000000)
  region size 2048K, 79 young (161792K), 8 survivors (16384K)
 Metaspace       used 52393K, committed 53376K, reserved 1114112K
  class space    used 7169K, committed 7616K, reserved 1048576K
}
Event: 25.249 GC heap after
{Heap after GC invocations=22 (full 0):
 garbage-first heap   total 391168K, used 206083K [0x0000000700000000, 0x0000000800000000)
  region size 2048K, 9 young (18432K), 9 survivors (18432K)
 Metaspace       used 52393K, committed 53376K, reserved 1114112K
  class space    used 7169K, committed 7616K, reserved 1048576K
}
Event: 26.623 GC heap before
{Heap before GC invocations=22 (full 0):
 garbage-first heap   total 391168K, used 353539K [0x0000000700000000, 0x0000000800000000)
  region size 2048K, 81 young (165888K), 9 survivors (18432K)
 Metaspace       used 58414K, committed 59392K, reserved 1114112K
  class space    used 8386K, committed 8832K, reserved 1048576K
}
Event: 26.638 GC heap after
{Heap after GC invocations=23 (full 0):
 garbage-first heap   total 391168K, used 214707K [0x0000000700000000, 0x0000000800000000)
  region size 2048K, 8 young (16384K), 8 survivors (16384K)
 Metaspace       used 58414K, committed 59392K, reserved 1114112K
  class space    used 8386K, committed 8832K, reserved 1048576K
}
Event: 29.023 GC heap before
{Heap before GC invocations=24 (full 0):
 garbage-first heap   total 391168K, used 358067K [0x0000000700000000, 0x0000000800000000)
  region size 2048K, 78 young (159744K), 8 survivors (16384K)
 Metaspace       used 72609K, committed 73664K, reserved 1114112K
  class space    used 11767K, committed 12224K, reserved 1048576K
}
Event: 29.036 GC heap after
{Heap after GC invocations=25 (full 0):
 garbage-first heap   total 391168K, used 221762K [0x0000000700000000, 0x0000000800000000)
  region size 2048K, 8 young (16384K), 8 survivors (16384K)
 Metaspace       used 72609K, committed 73664K, reserved 1114112K
  class space    used 11767K, committed 12224K, reserved 1048576K
}
Event: 30.988 GC heap before
{Heap before GC invocations=25 (full 0):
 garbage-first heap   total 391168K, used 361026K [0x0000000700000000, 0x0000000800000000)
  region size 2048K, 76 young (155648K), 8 survivors (16384K)
 Metaspace       used 81178K, committed 82304K, reserved 1179648K
  class space    used 13563K, committed 14080K, reserved 1048576K
}
Event: 31.002 GC heap after
{Heap after GC invocations=26 (full 0):
 garbage-first heap   total 393216K, used 228940K [0x0000000700000000, 0x0000000800000000)
  region size 2048K, 9 young (18432K), 9 survivors (18432K)
 Metaspace       used 81178K, committed 82304K, reserved 1179648K
  class space    used 13563K, committed 14080K, reserved 1048576K
}
Event: 32.035 GC heap before
{Heap before GC invocations=26 (full 0):
 garbage-first heap   total 393216K, used 360012K [0x0000000700000000, 0x0000000800000000)
  region size 2048K, 74 young (151552K), 9 survivors (18432K)
 Metaspace       used 92542K, committed 93824K, reserved 1179648K
  class space    used 15122K, committed 15680K, reserved 1048576K
}
Event: 32.051 GC heap after
{Heap after GC invocations=27 (full 0):
 garbage-first heap   total 393216K, used 240878K [0x0000000700000000, 0x0000000800000000)
  region size 2048K, 10 young (20480K), 10 survivors (20480K)
 Metaspace       used 92542K, committed 93824K, reserved 1179648K
  class space    used 15122K, committed 15680K, reserved 1048576K
}
Event: 33.149 GC heap before
{Heap before GC invocations=28 (full 0):
 garbage-first heap   total 403456K, used 361710K [0x0000000700000000, 0x0000000800000000)
  region size 2048K, 70 young (143360K), 10 survivors (20480K)
 Metaspace       used 101646K, committed 102912K, reserved 1179648K
  class space    used 17160K, committed 17728K, reserved 1048576K
}
Event: 33.166 GC heap after
{Heap after GC invocations=29 (full 0):
 garbage-first heap   total 403456K, used 252132K [0x0000000700000000, 0x0000000800000000)
  region size 2048K, 6 young (12288K), 6 survivors (12288K)
 Metaspace       used 101646K, committed 102912K, reserved 1179648K
  class space    used 17160K, committed 17728K, reserved 1048576K
}

