# JRE version: OpenJDK Runtime Environment Temurin-21.0.9+10 (21.0.9+10) (build 21.0.9+10-LTS)
# Java VM: OpenJDK 64-Bit Server VM Temurin-21.0.9+10 (21.0.9+10-LTS, mixed mode, sharing, tiered, compressed oops, compressed class ptrs, g1 gc, windows-amd64)
GC Precious Log:
 CardTable entry size: 512
 Card Set container configuration: InlinePtr #cards 4 size 8 Array Of Cards #cards 32 size 80 Howl #buckets 8 coarsen threshold 7372 Howl Bitmap #cards 1024 size 144 coarsen threshold 921 Card regions per heap region 1 cards per card region 8192
 CPUs: 8 total, 8 available
 Memory: 16167M
 Large Page Support: Disabled
 NUMA Support: Disabled
 Compressed Oops: Enabled (Zero based)
 Heap Region Size: 4M
 Heap Min Capacity: 256M
 Heap Initial Capacity: 256M
 Heap Max Capacity: 8096M
 Pre-touch: Disabled
 Parallel Workers: 8
 Concurrent Workers: 2
 Concurrent Refinement Workers: 8
 Periodic GC: Disabled
Heap:
 garbage-first heap   total 557056K, used 354323K [0x0000000606000000, 0x0000000800000000)
  region size 4096K, 30 young (122880K), 3 survivors (12288K)
 Metaspace       used 106187K, committed 107584K, reserved 1179648K
  class space    used 17951K, committed 18560K, reserved 1048576K
GC Heap History (20 events):
Event: 4.998 GC heap before
{Heap before GC invocations=11 (full 0):
 garbage-first heap   total 376832K, used 317785K [0x0000000606000000, 0x0000000800000000)
  region size 4096K, 51 young (208896K), 2 survivors (8192K)
 Metaspace       used 23931K, committed 24576K, reserved 1114112K
  class space    used 2721K, committed 3008K, reserved 1048576K
}
Event: 5.006 GC heap after
{Heap after GC invocations=12 (full 0):
 garbage-first heap   total 376832K, used 119457K [0x0000000606000000, 0x0000000800000000)
  region size 4096K, 4 young (16384K), 4 survivors (16384K)
 Metaspace       used 23931K, committed 24576K, reserved 1114112K
  class space    used 2721K, committed 3008K, reserved 1048576K
}
Event: 5.395 GC heap before
{Heap before GC invocations=12 (full 0):
 garbage-first heap   total 376832K, used 324257K [0x0000000606000000, 0x0000000800000000)
  region size 4096K, 54 young (221184K), 4 survivors (16384K)
 Metaspace       used 28416K, committed 29056K, reserved 1114112K
  class space    used 3305K, committed 3584K, reserved 1048576K
}
Event: 5.402 GC heap after
{Heap after GC invocations=13 (full 0):
 garbage-first heap   total 376832K, used 125839K [0x0000000606000000, 0x0000000800000000)
  region size 4096K, 5 young (20480K), 5 survivors (20480K)
 Metaspace       used 28416K, committed 29056K, reserved 1114112K
  class space    used 3305K, committed 3584K, reserved 1048576K
}
Event: 6.294 GC heap before
{Heap before GC invocations=13 (full 0):
 garbage-first heap   total 376832K, used 248719K [0x0000000606000000, 0x0000000800000000)
  region size 4096K, 33 young (135168K), 5 survivors (20480K)
 Metaspace       used 35419K, committed 36096K, reserved 1114112K
  class space    used 4396K, committed 4672K, reserved 1048576K
}
Event: 6.310 GC heap after
{Heap after GC invocations=14 (full 0):
 garbage-first heap   total 376832K, used 156597K [0x0000000606000000, 0x0000000800000000)
  region size 4096K, 7 young (28672K), 7 survivors (28672K)
 Metaspace       used 35419K, committed 36096K, reserved 1114112K
  class space    used 4396K, committed 4672K, reserved 1048576K
}
Event: 7.259 GC heap before
{Heap before GC invocations=15 (full 0):
 garbage-first heap   total 376832K, used 328629K [0x0000000606000000, 0x0000000800000000)
  region size 4096K, 49 young (200704K), 7 survivors (28672K)
 Metaspace       used 42314K, committed 43264K, reserved 1114112K
  class space    used 5250K, committed 5696K, reserved 1048576K
}
Event: 7.280 GC heap after
{Heap after GC invocations=16 (full 0):
 garbage-first heap   total 385024K, used 181083K [0x0000000606000000, 0x0000000800000000)
  region size 4096K, 6 young (24576K), 6 survivors (24576K)
 Metaspace       used 42314K, committed 43264K, reserved 1114112K
  class space    used 5250K, committed 5696K, reserved 1048576K
}
Event: 7.888 GC heap before
{Heap before GC invocations=16 (full 0):
 garbage-first heap   total 385024K, used 332635K [0x0000000606000000, 0x0000000800000000)
  region size 4096K, 43 young (176128K), 6 survivors (24576K)
 Metaspace       used 48893K, committed 49792K, reserved 1114112K
  class space    used 6319K, committed 6720K, reserved 1048576K
}
Event: 7.901 GC heap after
{Heap after GC invocations=17 (full 0):
 garbage-first heap   total 462848K, used 188956K [0x0000000606000000, 0x0000000800000000)
  region size 4096K, 3 young (12288K), 3 survivors (12288K)
 Metaspace       used 48893K, committed 49792K, reserved 1114112K
  class space    used 6319K, committed 6720K, reserved 1048576K
}
Event: 8.361 GC heap before
{Heap before GC invocations=17 (full 0):
 garbage-first heap   total 462848K, used 406044K [0x0000000606000000, 0x0000000800000000)
  region size 4096K, 56 young (229376K), 3 survivors (12288K)
 Metaspace       used 52123K, committed 53056K, reserved 1114112K
  class space    used 7088K, committed 7488K, reserved 1048576K
}
Event: 8.373 GC heap after
{Heap after GC invocations=18 (full 0):
 garbage-first heap   total 462848K, used 200704K [0x0000000606000000, 0x0000000800000000)
  region size 4096K, 5 young (20480K), 5 survivors (20480K)
 Metaspace       used 52123K, committed 53056K, reserved 1114112K
  class space    used 7088K, committed 7488K, reserved 1048576K
}
Event: 9.009 GC heap before
{Heap before GC invocations=18 (full 0):
 garbage-first heap   total 462848K, used 380928K [0x0000000606000000, 0x0000000800000000)
  region size 4096K, 50 young (204800K), 5 survivors (20480K)
 Metaspace       used 60070K, committed 61056K, reserved 1114112K
  class space    used 8934K, committed 9408K, reserved 1048576K
}
Event: 9.023 GC heap after
{Heap after GC invocations=19 (full 0):
 garbage-first heap   total 462848K, used 211035K [0x0000000606000000, 0x0000000800000000)
  region size 4096K, 6 young (24576K), 6 survivors (24576K)
 Metaspace       used 60070K, committed 61056K, reserved 1114112K
  class space    used 8934K, committed 9408K, reserved 1048576K
}
Event: 10.544 GC heap before
{Heap before GC invocations=20 (full 0):
 garbage-first heap   total 462848K, used 415835K [0x0000000606000000, 0x0000000800000000)
  region size 4096K, 56 young (229376K), 6 survivors (24576K)
 Metaspace       used 76670K, committed 77824K, reserved 1114112K
  class space    used 12676K, committed 13184K, reserved 1048576K
}
Event: 10.562 GC heap after
{Heap after GC invocations=21 (full 0):
 garbage-first heap   total 462848K, used 222030K [0x0000000606000000, 0x0000000800000000)
  region size 4096K, 6 young (24576K), 6 survivors (24576K)
 Metaspace       used 76670K, committed 77824K, reserved 1114112K
  class space    used 12676K, committed 13184K, reserved 1048576K
}
Event: 11.631 GC heap before
{Heap before GC invocations=21 (full 0):
 garbage-first heap   total 462848K, used 414542K [0x0000000606000000, 0x0000000800000000)
  region size 4096K, 54 young (221184K), 6 survivors (24576K)
 Metaspace       used 91824K, committed 93056K, reserved 1179648K
  class space    used 15017K, committed 15552K, reserved 1048576K
}
Event: 11.649 GC heap after
{Heap after GC invocations=22 (full 0):
 garbage-first heap   total 462848K, used 236404K [0x0000000606000000, 0x0000000800000000)
  region size 4096K, 7 young (28672K), 7 survivors (28672K)
 Metaspace       used 91824K, committed 93056K, reserved 1179648K
  class space    used 15017K, committed 15552K, reserved 1048576K
}
Event: 12.316 GC heap before
{Heap before GC invocations=22 (full 0):
 garbage-first heap   total 462848K, used 371572K [0x0000000606000000, 0x0000000800000000)
  region size 4096K, 42 young (172032K), 7 survivors (28672K)
 Metaspace       used 102841K, committed 104128K, reserved 1179648K
  class space    used 17520K, committed 18112K, reserved 1048576K
}
Event: 12.333 GC heap after
{Heap after GC invocations=23 (full 0):
 garbage-first heap   total 557056K, used 247827K [0x0000000606000000, 0x0000000800000000)
  region size 4096K, 3 young (12288K), 3 survivors (12288K)
 Metaspace       used 102841K, committed 104128K, reserved 1179648K
  class space    used 17520K, committed 18112K, reserved 1048576K
}

