# JRE version: OpenJDK Runtime Environment Temurin-21.0.9+10 (21.0.9+10) (build 21.0.9+10-LTS)
# Java VM: OpenJDK 64-Bit Server VM Temurin-21.0.9+10 (21.0.9+10-LTS, mixed mode, sharing, tiered, compressed oops, compressed class ptrs, g1 gc, windows-amd64)
GC Precious Log:
 CardTable entry size: 512
 Card Set container configuration: InlinePtr #cards 4 size 8 Array Of Cards #cards 32 size 80 Howl #buckets 8 coarsen threshold 7372 Howl Bitmap #cards 1024 size 144 coarsen threshold 921 Card regions per heap region 1 cards per card region 8192
 CPUs: 8 total, 8 available
 Memory: 16167M
 Large Page Support: Disabled
 NUMA Support: Disabled
 Compressed Oops: Enabled (Zero based)
 Heap Region Size: 4M
 Heap Min Capacity: 256M
 Heap Initial Capacity: 256M
 Heap Max Capacity: 8096M
 Pre-touch: Disabled
 Parallel Workers: 8
 Concurrent Workers: 2
 Concurrent Refinement Workers: 8
 Periodic GC: Disabled
Heap:
 garbage-first heap   total 507904K, used 357013K [0x0000000606000000, 0x0000000800000000)
  region size 4096K, 31 young (126976K), 3 survivors (12288K)
 Metaspace       used 106243K, committed 107648K, reserved 1179648K
  class space    used 17956K, committed 18624K, reserved 1048576K
GC Heap History (20 events):
Event: 7.268 GC heap before
{Heap before GC invocations=13 (full 0):
 garbage-first heap   total 339968K, used 311221K [0x0000000606000000, 0x0000000800000000)
  region size 4096K, 47 young (192512K), 5 survivors (20480K)
 Metaspace       used 35169K, committed 35840K, reserved 1114112K
  class space    used 4326K, committed 4608K, reserved 1048576K
}
Event: 7.284 GC heap after
{Heap after GC invocations=14 (full 0):
 garbage-first heap   total 348160K, used 155079K [0x0000000606000000, 0x0000000800000000)
  region size 4096K, 6 young (24576K), 6 survivors (24576K)
 Metaspace       used 35169K, committed 35840K, reserved 1114112K
  class space    used 4326K, committed 4608K, reserved 1048576K
}
Event: 7.414 GC heap before
{Heap before GC invocations=14 (full 0):
 garbage-first heap   total 348160K, used 187847K [0x0000000606000000, 0x0000000800000000)
  region size 4096K, 15 young (61440K), 6 survivors (24576K)
 Metaspace       used 35453K, committed 36160K, reserved 1114112K
  class space    used 4398K, committed 4672K, reserved 1048576K
}
Event: 7.433 GC heap after
{Heap after GC invocations=15 (full 0):
 garbage-first heap   total 417792K, used 164921K [0x0000000606000000, 0x0000000800000000)
  region size 4096K, 3 young (12288K), 3 survivors (12288K)
 Metaspace       used 35453K, committed 36160K, reserved 1114112K
  class space    used 4398K, committed 4672K, reserved 1048576K
}
Event: 8.765 GC heap before
{Heap before GC invocations=16 (full 0):
 garbage-first heap   total 417792K, used 353337K [0x0000000606000000, 0x0000000800000000)
  region size 4096K, 50 young (204800K), 3 survivors (12288K)
 Metaspace       used 44449K, committed 45440K, reserved 1114112K
  class space    used 5660K, committed 6080K, reserved 1048576K
}
Event: 8.780 GC heap after
{Heap after GC invocations=17 (full 0):
 garbage-first heap   total 417792K, used 184806K [0x0000000606000000, 0x0000000800000000)
  region size 4096K, 7 young (28672K), 7 survivors (28672K)
 Metaspace       used 44449K, committed 45440K, reserved 1114112K
  class space    used 5660K, committed 6080K, reserved 1048576K
}
Event: 9.318 GC heap before
{Heap before GC invocations=17 (full 0):
 garbage-first heap   total 417792K, used 360934K [0x0000000606000000, 0x0000000800000000)
  region size 4096K, 50 young (204800K), 7 survivors (28672K)
 Metaspace       used 50291K, committed 51264K, reserved 1114112K
  class space    used 6608K, committed 7040K, reserved 1048576K
}
Event: 9.336 GC heap after
{Heap after GC invocations=18 (full 0):
 garbage-first heap   total 417792K, used 193536K [0x0000000606000000, 0x0000000800000000)
  region size 4096K, 3 young (12288K), 3 survivors (12288K)
 Metaspace       used 50291K, committed 51264K, reserved 1114112K
  class space    used 6608K, committed 7040K, reserved 1048576K
}
Event: 9.642 GC heap before
{Heap before GC invocations=18 (full 0):
 garbage-first heap   total 417792K, used 365568K [0x0000000606000000, 0x0000000800000000)
  region size 4096K, 45 young (184320K), 3 survivors (12288K)
 Metaspace       used 52191K, committed 53184K, reserved 1114112K
  class space    used 7100K, committed 7552K, reserved 1048576K
}
Event: 9.653 GC heap after
{Heap after GC invocations=19 (full 0):
 garbage-first heap   total 417792K, used 201995K [0x0000000606000000, 0x0000000800000000)
  region size 4096K, 5 young (20480K), 5 survivors (20480K)
 Metaspace       used 52191K, committed 53184K, reserved 1114112K
  class space    used 7100K, committed 7552K, reserved 1048576K
}
Event: 10.165 GC heap before
{Heap before GC invocations=19 (full 0):
 garbage-first heap   total 417792K, used 374027K [0x0000000606000000, 0x0000000800000000)
  region size 4096K, 47 young (192512K), 5 survivors (20480K)
 Metaspace       used 57955K, committed 58944K, reserved 1114112K
  class space    used 8277K, committed 8704K, reserved 1048576K
}
Event: 10.177 GC heap after
{Heap after GC invocations=20 (full 0):
 garbage-first heap   total 417792K, used 211689K [0x0000000606000000, 0x0000000800000000)
  region size 4096K, 5 young (20480K), 5 survivors (20480K)
 Metaspace       used 57955K, committed 58944K, reserved 1114112K
  class space    used 8277K, committed 8704K, reserved 1048576K
}
Event: 10.299 GC heap before
{Heap before GC invocations=20 (full 0):
 garbage-first heap   total 417792K, used 236265K [0x0000000606000000, 0x0000000800000000)
  region size 4096K, 12 young (49152K), 5 survivors (20480K)
 Metaspace       used 59765K, committed 60736K, reserved 1114112K
  class space    used 8773K, committed 9216K, reserved 1048576K
}
Event: 10.306 GC heap after
{Heap after GC invocations=21 (full 0):
 garbage-first heap   total 503808K, used 213792K [0x0000000606000000, 0x0000000800000000)
  region size 4096K, 3 young (12288K), 3 survivors (12288K)
 Metaspace       used 59765K, committed 60736K, reserved 1114112K
  class space    used 8773K, committed 9216K, reserved 1048576K
}
Event: 11.743 GC heap before
{Heap before GC invocations=22 (full 0):
 garbage-first heap   total 503808K, used 455456K [0x0000000606000000, 0x0000000800000000)
  region size 4096K, 62 young (253952K), 3 survivors (12288K)
 Metaspace       used 79264K, committed 80448K, reserved 1179648K
  class space    used 13248K, committed 13760K, reserved 1048576K
}
Event: 11.757 GC heap after
{Heap after GC invocations=23 (full 0):
 garbage-first heap   total 503808K, used 228853K [0x0000000606000000, 0x0000000800000000)
  region size 4096K, 7 young (28672K), 7 survivors (28672K)
 Metaspace       used 79264K, committed 80448K, reserved 1179648K
  class space    used 13248K, committed 13760K, reserved 1048576K
}
Event: 12.980 GC heap before
{Heap before GC invocations=23 (full 0):
 garbage-first heap   total 503808K, used 458229K [0x0000000606000000, 0x0000000800000000)
  region size 4096K, 63 young (258048K), 7 survivors (28672K)
 Metaspace       used 97042K, committed 98368K, reserved 1179648K
  class space    used 15945K, committed 16512K, reserved 1048576K
}
Event: 13.006 GC heap after
{Heap after GC invocations=24 (full 0):
 garbage-first heap   total 507904K, used 240642K [0x0000000606000000, 0x0000000800000000)
  region size 4096K, 8 young (32768K), 8 survivors (32768K)
 Metaspace       used 97042K, committed 98368K, reserved 1179648K
  class space    used 15945K, committed 16512K, reserved 1048576K
}
Event: 13.429 GC heap before
{Heap before GC invocations=24 (full 0):
 garbage-first heap   total 507904K, used 302082K [0x0000000606000000, 0x0000000800000000)
  region size 4096K, 24 young (98304K), 8 survivors (32768K)
 Metaspace       used 102349K, committed 103616K, reserved 1179648K
  class space    used 17387K, committed 17984K, reserved 1048576K
}
Event: 13.450 GC heap after
{Heap after GC invocations=25 (full 0):
 garbage-first heap   total 507904K, used 250517K [0x0000000606000000, 0x0000000800000000)
  region size 4096K, 3 young (12288K), 3 survivors (12288K)
 Metaspace       used 102349K, committed 103616K, reserved 1179648K
  class space    used 17387K, committed 17984K, reserved 1048576K
}

