# JRE version: OpenJDK Runtime Environment Temurin-21.0.9+10 (21.0.9+10) (build 21.0.9+10-LTS)
# Java VM: OpenJDK 64-Bit Server VM Temurin-21.0.9+10 (21.0.9+10-LTS, mixed mode, sharing, tiered, compressed oops, compressed class ptrs, g1 gc, windows-amd64)
GC Precious Log:
 CardTable entry size: 512
 Card Set container configuration: InlinePtr #cards 4 size 8 Array Of Cards #cards 64 size 144 Howl #buckets 8 coarsen threshold 14745 Howl Bitmap #cards 2048 size 272 coarsen threshold 1843 Card regions per heap region 1 cards per card region 16384
 CPUs: 8 total, 8 available
 Memory: 16167M
 Large Page Support: Disabled
 NUMA Support: Disabled
 Compressed Oops: Enabled (Zero based)
 Heap Region Size: 8M
 Heap Min Capacity: 256M
 Heap Initial Capacity: 256M
 Heap Max Capacity: 11872M
 Pre-touch: Disabled
 Parallel Workers: 8
 Concurrent Workers: 2
 Concurrent Refinement Workers: 8
 Periodic GC: Disabled
Heap:
 garbage-first heap   total 466944K, used 355181K [0x000000051a000000, 0x0000000800000000)
  region size 8192K, 17 young (139264K), 2 survivors (16384K)
 Metaspace       used 103180K, committed 104576K, reserved 1179648K
  class space    used 16808K, committed 17408K, reserved 1048576K
GC Heap History (20 events):
Event: 7.885 GC heap before
{Heap before GC invocations=13 (full 0):
 garbage-first heap   total 385024K, used 309421K [0x000000051a000000, 0x0000000800000000)
  region size 8192K, 23 young (188416K), 2 survivors (16384K)
 Metaspace       used 27056K, committed 27648K, reserved 1114112K
  class space    used 3126K, committed 3392K, reserved 1048576K
}
Event: 7.896 GC heap after
{Heap after GC invocations=14 (full 0):
 garbage-first heap   total 385024K, used 143133K [0x000000051a000000, 0x0000000800000000)
  region size 8192K, 3 young (24576K), 3 survivors (24576K)
 Metaspace       used 27056K, committed 27648K, reserved 1114112K
  class space    used 3126K, committed 3392K, reserved 1048576K
}
Event: 9.460 GC heap before
{Heap before GC invocations=14 (full 0):
 garbage-first heap   total 385024K, used 315165K [0x000000051a000000, 0x0000000800000000)
  region size 8192K, 23 young (188416K), 3 survivors (24576K)
 Metaspace       used 35387K, committed 36096K, reserved 1114112K
  class space    used 4384K, committed 4672K, reserved 1048576K
}
Event: 9.485 GC heap after
{Heap after GC invocations=15 (full 0):
 garbage-first heap   total 385024K, used 178822K [0x000000051a000000, 0x0000000800000000)
  region size 8192K, 4 young (32768K), 4 survivors (32768K)
 Metaspace       used 35387K, committed 36096K, reserved 1114112K
  class space    used 4384K, committed 4672K, reserved 1048576K
}
Event: 10.783 GC heap before
{Heap before GC invocations=16 (full 0):
 garbage-first heap   total 385024K, used 318086K [0x000000051a000000, 0x0000000800000000)
  region size 8192K, 23 young (188416K), 4 survivors (32768K)
 Metaspace       used 41249K, committed 42176K, reserved 1114112K
  class space    used 5080K, committed 5504K, reserved 1048576K
}
Event: 10.810 GC heap after
{Heap after GC invocations=17 (full 0):
 garbage-first heap   total 385024K, used 186649K [0x000000051a000000, 0x0000000800000000)
  region size 8192K, 3 young (24576K), 3 survivors (24576K)
 Metaspace       used 41249K, committed 42176K, reserved 1114112K
  class space    used 5080K, committed 5504K, reserved 1048576K
}
Event: 11.852 GC heap before
{Heap before GC invocations=17 (full 0):
 garbage-first heap   total 385024K, used 325913K [0x000000051a000000, 0x0000000800000000)
  region size 8192K, 20 young (163840K), 3 survivors (24576K)
 Metaspace       used 48027K, committed 48960K, reserved 1114112K
  class space    used 6091K, committed 6528K, reserved 1048576K
}
Event: 11.872 GC heap after
{Heap after GC invocations=18 (full 0):
 garbage-first heap   total 385024K, used 187467K [0x000000051a000000, 0x0000000800000000)
  region size 8192K, 1 young (8192K), 1 survivors (8192K)
 Metaspace       used 48027K, committed 48960K, reserved 1114112K
  class space    used 6091K, committed 6528K, reserved 1048576K
}
Event: 12.551 GC heap before
{Heap before GC invocations=18 (full 0):
 garbage-first heap   total 385024K, used 334923K [0x000000051a000000, 0x0000000800000000)
  region size 8192K, 19 young (155648K), 1 survivors (8192K)
 Metaspace       used 51314K, committed 52288K, reserved 1114112K
  class space    used 6923K, committed 7360K, reserved 1048576K
}
Event: 12.568 GC heap after
{Heap after GC invocations=19 (full 0):
 garbage-first heap   total 466944K, used 197477K [0x000000051a000000, 0x0000000800000000)
  region size 8192K, 3 young (24576K), 3 survivors (24576K)
 Metaspace       used 51314K, committed 52288K, reserved 1114112K
  class space    used 6923K, committed 7360K, reserved 1048576K
}
Event: 13.122 GC heap before
{Heap before GC invocations=20 (full 0):
 garbage-first heap   total 466944K, used 402277K [0x000000051a000000, 0x0000000800000000)
  region size 8192K, 28 young (229376K), 3 survivors (24576K)
 Metaspace       used 53069K, committed 54016K, reserved 1114112K
  class space    used 7379K, committed 7808K, reserved 1048576K
}
Event: 13.141 GC heap after
{Heap after GC invocations=21 (full 0):
 garbage-first heap   total 466944K, used 207488K [0x000000051a000000, 0x0000000800000000)
  region size 8192K, 4 young (32768K), 4 survivors (32768K)
 Metaspace       used 53069K, committed 54016K, reserved 1114112K
  class space    used 7379K, committed 7808K, reserved 1048576K
}
Event: 14.632 GC heap before
{Heap before GC invocations=21 (full 0):
 garbage-first heap   total 466944K, used 412288K [0x000000051a000000, 0x0000000800000000)
  region size 8192K, 29 young (237568K), 4 survivors (32768K)
 Metaspace       used 69721K, committed 70784K, reserved 1114112K
  class space    used 11180K, committed 11648K, reserved 1048576K
}
Event: 14.653 GC heap after
{Heap after GC invocations=22 (full 0):
 garbage-first heap   total 466944K, used 210487K [0x000000051a000000, 0x0000000800000000)
  region size 8192K, 3 young (24576K), 3 survivors (24576K)
 Metaspace       used 69721K, committed 70784K, reserved 1114112K
  class space    used 11180K, committed 11648K, reserved 1048576K
}
Event: 15.938 GC heap before
{Heap before GC invocations=22 (full 0):
 garbage-first heap   total 466944K, used 407095K [0x000000051a000000, 0x0000000800000000)
  region size 8192K, 27 young (221184K), 3 survivors (24576K)
 Metaspace       used 82428K, committed 83584K, reserved 1179648K
  class space    used 13749K, committed 14272K, reserved 1048576K
}
Event: 15.957 GC heap after
{Heap after GC invocations=23 (full 0):
 garbage-first heap   total 466944K, used 226934K [0x000000051a000000, 0x0000000800000000)
  region size 8192K, 4 young (32768K), 4 survivors (32768K)
 Metaspace       used 82428K, committed 83584K, reserved 1179648K
  class space    used 13749K, committed 14272K, reserved 1048576K
}
Event: 16.175 GC heap before
{Heap before GC invocations=23 (full 0):
 garbage-first heap   total 466944K, used 259702K [0x000000051a000000, 0x0000000800000000)
  region size 8192K, 9 young (73728K), 4 survivors (32768K)
 Metaspace       used 86153K, committed 87296K, reserved 1179648K
  class space    used 14284K, committed 14848K, reserved 1048576K
}
Event: 16.188 GC heap after
{Heap after GC invocations=24 (full 0):
 garbage-first heap   total 466944K, used 231294K [0x000000051a000000, 0x0000000800000000)
  region size 8192K, 3 young (24576K), 3 survivors (24576K)
 Metaspace       used 86153K, committed 87296K, reserved 1179648K
  class space    used 14284K, committed 14848K, reserved 1048576K
}
Event: 17.511 GC heap before
{Heap before GC invocations=25 (full 0):
 garbage-first heap   total 466944K, used 411518K [0x000000051a000000, 0x0000000800000000)
  region size 8192K, 25 young (204800K), 3 survivors (24576K)
 Metaspace       used 97811K, committed 99072K, reserved 1179648K
  class space    used 16079K, committed 16640K, reserved 1048576K
}
Event: 17.524 GC heap after
{Heap after GC invocations=26 (full 0):
 garbage-first heap   total 466944K, used 240493K [0x000000051a000000, 0x0000000800000000)
  region size 8192K, 2 young (16384K), 2 survivors (16384K)
 Metaspace       used 97811K, committed 99072K, reserved 1179648K
  class space    used 16079K, committed 16640K, reserved 1048576K
}

