# JRE version: OpenJDK Runtime Environment Temurin-21.0.9+10 (21.0.9+10) (build 21.0.9+10-LTS)
# Java VM: OpenJDK 64-Bit Server VM Temurin-21.0.9+10 (21.0.9+10-LTS, mixed mode, sharing, tiered, compressed oops, compressed class ptrs, g1 gc, windows-amd64)
GC Precious Log:
 CardTable entry size: 512
 Card Set container configuration: InlinePtr #cards 4 size 8 Array Of Cards #cards 64 size 144 Howl #buckets 8 coarsen threshold 14745 Howl Bitmap #cards 2048 size 272 coarsen threshold 1843 Card regions per heap region 1 cards per card region 16384
 CPUs: 8 total, 8 available
 Memory: 16167M
 Large Page Support: Disabled
 NUMA Support: Disabled
 Compressed Oops: Enabled (Zero based)
 Heap Region Size: 8M
 Heap Min Capacity: 256M
 Heap Initial Capacity: 256M
 Heap Max Capacity: 11872M
 Pre-touch: Disabled
 Parallel Workers: 8
 Concurrent Workers: 2
 Concurrent Refinement Workers: 8
 Periodic GC: Disabled
Heap:
 garbage-first heap   total 589824K, used 242567K [0x000000051a000000, 0x0000000800000000)
  region size 8192K, 3 young (24576K), 2 survivors (16384K)
 Metaspace       used 103155K, committed 104576K, reserved 1179648K
  class space    used 16803K, committed 17408K, reserved 1048576K
GC Heap History (20 events):
Event: 5.300 GC heap before
{Heap before GC invocations=12 (full 0):
 garbage-first heap   total 393216K, used 327991K [0x000000051a000000, 0x0000000800000000)
  region size 8192K, 23 young (188416K), 1 survivors (8192K)
 Metaspace       used 23779K, committed 24384K, reserved 1114112K
  class space    used 2707K, committed 3008K, reserved 1048576K
}
Event: 5.307 GC heap after
{Heap after GC invocations=13 (full 0):
 garbage-first heap   total 393216K, used 118482K [0x000000051a000000, 0x0000000800000000)
  region size 8192K, 2 young (16384K), 2 survivors (16384K)
 Metaspace       used 23779K, committed 24384K, reserved 1114112K
  class space    used 2707K, committed 3008K, reserved 1048576K
}
Event: 5.675 GC heap before
{Heap before GC invocations=13 (full 0):
 garbage-first heap   total 393216K, used 331474K [0x000000051a000000, 0x0000000800000000)
  region size 8192K, 28 young (229376K), 2 survivors (16384K)
 Metaspace       used 25962K, committed 26624K, reserved 1114112K
  class space    used 2970K, committed 3264K, reserved 1048576K
}
Event: 5.687 GC heap after
{Heap after GC invocations=14 (full 0):
 garbage-first heap   total 393216K, used 115710K [0x000000051a000000, 0x0000000800000000)
  region size 8192K, 3 young (24576K), 3 survivors (24576K)
 Metaspace       used 25962K, committed 26624K, reserved 1114112K
  class space    used 2970K, committed 3264K, reserved 1048576K
}
Event: 6.760 GC heap before
{Heap before GC invocations=14 (full 0):
 garbage-first heap   total 393216K, used 263166K [0x000000051a000000, 0x0000000800000000)
  region size 8192K, 21 young (172032K), 3 survivors (24576K)
 Metaspace       used 35374K, committed 36096K, reserved 1114112K
  class space    used 4395K, committed 4672K, reserved 1048576K
}
Event: 6.787 GC heap after
{Heap after GC invocations=15 (full 0):
 garbage-first heap   total 393216K, used 154618K [0x000000051a000000, 0x0000000800000000)
  region size 8192K, 4 young (32768K), 4 survivors (32768K)
 Metaspace       used 35374K, committed 36096K, reserved 1114112K
  class space    used 4395K, committed 4672K, reserved 1048576K
}
Event: 7.975 GC heap before
{Heap before GC invocations=16 (full 0):
 garbage-first heap   total 393216K, used 326650K [0x000000051a000000, 0x0000000800000000)
  region size 8192K, 26 young (212992K), 4 survivors (32768K)
 Metaspace       used 43464K, committed 44352K, reserved 1114112K
  class space    used 5469K, committed 5888K, reserved 1048576K
}
Event: 8.003 GC heap after
{Heap after GC invocations=17 (full 0):
 garbage-first heap   total 401408K, used 178215K [0x000000051a000000, 0x0000000800000000)
  region size 8192K, 3 young (24576K), 3 survivors (24576K)
 Metaspace       used 43464K, committed 44352K, reserved 1114112K
  class space    used 5469K, committed 5888K, reserved 1048576K
}
Event: 8.643 GC heap before
{Heap before GC invocations=17 (full 0):
 garbage-first heap   total 401408K, used 333863K [0x000000051a000000, 0x0000000800000000)
  region size 8192K, 22 young (180224K), 3 survivors (24576K)
 Metaspace       used 49175K, committed 50112K, reserved 1114112K
  class space    used 6395K, committed 6848K, reserved 1048576K
}
Event: 8.659 GC heap after
{Heap after GC invocations=18 (full 0):
 garbage-first heap   total 483328K, used 184362K [0x000000051a000000, 0x0000000800000000)
  region size 8192K, 2 young (16384K), 2 survivors (16384K)
 Metaspace       used 49175K, committed 50112K, reserved 1114112K
  class space    used 6395K, committed 6848K, reserved 1048576K
}
Event: 9.225 GC heap before
{Heap before GC invocations=18 (full 0):
 garbage-first heap   total 483328K, used 405546K [0x000000051a000000, 0x0000000800000000)
  region size 8192K, 29 young (237568K), 2 survivors (16384K)
 Metaspace       used 52290K, committed 53184K, reserved 1114112K
  class space    used 7146K, committed 7552K, reserved 1048576K
}
Event: 9.237 GC heap after
{Heap after GC invocations=19 (full 0):
 garbage-first heap   total 483328K, used 196659K [0x000000051a000000, 0x0000000800000000)
  region size 8192K, 3 young (24576K), 3 survivors (24576K)
 Metaspace       used 52290K, committed 53184K, reserved 1114112K
  class space    used 7146K, committed 7552K, reserved 1048576K
}
Event: 9.967 GC heap before
{Heap before GC invocations=19 (full 0):
 garbage-first heap   total 483328K, used 385075K [0x000000051a000000, 0x0000000800000000)
  region size 8192K, 27 young (221184K), 3 survivors (24576K)
 Metaspace       used 60127K, committed 61056K, reserved 1114112K
  class space    used 8917K, committed 9344K, reserved 1048576K
}
Event: 9.981 GC heap after
{Heap after GC invocations=20 (full 0):
 garbage-first heap   total 483328K, used 205384K [0x000000051a000000, 0x0000000800000000)
  region size 8192K, 3 young (24576K), 3 survivors (24576K)
 Metaspace       used 60127K, committed 61056K, reserved 1114112K
  class space    used 8917K, committed 9344K, reserved 1048576K
}
Event: 11.660 GC heap before
{Heap before GC invocations=21 (full 0):
 garbage-first heap   total 483328K, used 426568K [0x000000051a000000, 0x0000000800000000)
  region size 8192K, 30 young (245760K), 3 survivors (24576K)
 Metaspace       used 79063K, committed 80192K, reserved 1179648K
  class space    used 13227K, committed 13760K, reserved 1048576K
}
Event: 11.676 GC heap after
{Heap after GC invocations=22 (full 0):
 garbage-first heap   total 483328K, used 219256K [0x000000051a000000, 0x0000000800000000)
  region size 8192K, 3 young (24576K), 3 survivors (24576K)
 Metaspace       used 79063K, committed 80192K, reserved 1179648K
  class space    used 13227K, committed 13760K, reserved 1048576K
}
Event: 12.812 GC heap before
{Heap before GC invocations=22 (full 0):
 garbage-first heap   total 483328K, used 424056K [0x000000051a000000, 0x0000000800000000)
  region size 8192K, 29 young (237568K), 3 survivors (24576K)
 Metaspace       used 93795K, committed 95104K, reserved 1179648K
  class space    used 15360K, committed 15936K, reserved 1048576K
}
Event: 12.834 GC heap after
{Heap after GC invocations=23 (full 0):
 garbage-first heap   total 491520K, used 230992K [0x000000051a000000, 0x0000000800000000)
  region size 8192K, 4 young (32768K), 4 survivors (32768K)
 Metaspace       used 93795K, committed 95104K, reserved 1179648K
  class space    used 15360K, committed 15936K, reserved 1048576K
}
Event: 13.887 GC heap before
{Heap before GC invocations=23 (full 0):
 garbage-first heap   total 491520K, used 411216K [0x000000051a000000, 0x0000000800000000)
  region size 8192K, 28 young (229376K), 4 survivors (32768K)
 Metaspace       used 102860K, committed 104256K, reserved 1179648K
  class space    used 16781K, committed 17408K, reserved 1048576K
}
Event: 13.905 GC heap after
{Heap after GC invocations=24 (full 0):
 garbage-first heap   total 589824K, used 242567K [0x000000051a000000, 0x0000000800000000)
  region size 8192K, 2 young (16384K), 2 survivors (16384K)
 Metaspace       used 102860K, committed 104256K, reserved 1179648K
  class space    used 16781K, committed 17408K, reserved 1048576K
}

