# JRE version: OpenJDK Runtime Environment Temurin-21.0.9+10 (21.0.9+10) (build 21.0.9+10-LTS)
# Java VM: OpenJDK 64-Bit Server VM Temurin-21.0.9+10 (21.0.9+10-LTS, mixed mode, sharing, tiered, compressed oops, compressed class ptrs, g1 gc, windows-amd64)
GC Precious Log:
 CardTable entry size: 512
 Card Set container configuration: InlinePtr #cards 4 size 8 Array Of Cards #cards 64 size 144 Howl #buckets 8 coarsen threshold 14745 Howl Bitmap #cards 2048 size 272 coarsen threshold 1843 Card regions per heap region 1 cards per card region 16384
 CPUs: 8 total, 8 available
 Memory: 16167M
 Large Page Support: Disabled
 NUMA Support: Disabled
 Compressed Oops: Enabled (Zero based)
 Heap Region Size: 8M
 Heap Min Capacity: 256M
 Heap Initial Capacity: 256M
 Heap Max Capacity: 11872M
 Pre-touch: Disabled
 Parallel Workers: 8
 Concurrent Workers: 2
 Concurrent Refinement Workers: 8
 Periodic GC: Disabled
Heap:
 garbage-first heap   total 499712K, used 254280K [0x000000051a000000, 0x0000000800000000)
  region size 8192K, 8 young (65536K), 4 survivors (32768K)
 Metaspace       used 103377K, committed 104768K, reserved 1179648K
  class space    used 16829K, committed 17472K, reserved 1048576K
GC Heap History (20 events):
Event: 7.487 GC heap before
{Heap before GC invocations=13 (full 0):
 garbage-first heap   total 385024K, used 326702K [0x000000051a000000, 0x0000000800000000)
  region size 8192K, 28 young (229376K), 2 survivors (16384K)
 Metaspace       used 34196K, committed 34880K, reserved 1114112K
  class space    used 4170K, committed 4480K, reserved 1048576K
}
Event: 7.499 GC heap after
{Heap after GC invocations=14 (full 0):
 garbage-first heap   total 385024K, used 129413K [0x000000051a000000, 0x0000000800000000)
  region size 8192K, 4 young (32768K), 4 survivors (32768K)
 Metaspace       used 34196K, committed 34880K, reserved 1114112K
  class space    used 4170K, committed 4480K, reserved 1048576K
}
Event: 7.725 GC heap before
{Heap before GC invocations=14 (full 0):
 garbage-first heap   total 385024K, used 178565K [0x000000051a000000, 0x0000000800000000)
  region size 8192K, 11 young (90112K), 4 survivors (32768K)
 Metaspace       used 35423K, committed 36096K, reserved 1114112K
  class space    used 4377K, committed 4672K, reserved 1048576K
}
Event: 7.745 GC heap after
{Heap after GC invocations=15 (full 0):
 garbage-first heap   total 385024K, used 145165K [0x000000051a000000, 0x0000000800000000)
  region size 8192K, 4 young (32768K), 4 survivors (32768K)
 Metaspace       used 35423K, committed 36096K, reserved 1114112K
  class space    used 4377K, committed 4672K, reserved 1048576K
}
Event: 8.949 GC heap before
{Heap before GC invocations=16 (full 0):
 garbage-first heap   total 385024K, used 317197K [0x000000051a000000, 0x0000000800000000)
  region size 8192K, 25 young (204800K), 4 survivors (32768K)
 Metaspace       used 43942K, committed 44800K, reserved 1114112K
  class space    used 5534K, committed 5952K, reserved 1048576K
}
Event: 8.969 GC heap after
{Heap after GC invocations=17 (full 0):
 garbage-first heap   total 385024K, used 161556K [0x000000051a000000, 0x0000000800000000)
  region size 8192K, 4 young (32768K), 4 survivors (32768K)
 Metaspace       used 43942K, committed 44800K, reserved 1114112K
  class space    used 5534K, committed 5952K, reserved 1048576K
}
Event: 9.786 GC heap before
{Heap before GC invocations=17 (full 0):
 garbage-first heap   total 385024K, used 317204K [0x000000051a000000, 0x0000000800000000)
  region size 8192K, 23 young (188416K), 4 survivors (32768K)
 Metaspace       used 49539K, committed 50432K, reserved 1114112K
  class space    used 6428K, committed 6848K, reserved 1048576K
}
Event: 9.808 GC heap after
{Heap after GC invocations=18 (full 0):
 garbage-first heap   total 385024K, used 172259K [0x000000051a000000, 0x0000000800000000)
  region size 8192K, 2 young (16384K), 2 survivors (16384K)
 Metaspace       used 49539K, committed 50432K, reserved 1114112K
  class space    used 6428K, committed 6848K, reserved 1048576K
}
Event: 10.289 GC heap before
{Heap before GC invocations=18 (full 0):
 garbage-first heap   total 385024K, used 327907K [0x000000051a000000, 0x0000000800000000)
  region size 8192K, 21 young (172032K), 2 survivors (16384K)
 Metaspace       used 51388K, committed 52352K, reserved 1114112K
  class space    used 6926K, committed 7360K, reserved 1048576K
}
Event: 10.301 GC heap after
{Heap after GC invocations=19 (full 0):
 garbage-first heap   total 385024K, used 179532K [0x000000051a000000, 0x0000000800000000)
  region size 8192K, 3 young (24576K), 3 survivors (24576K)
 Metaspace       used 51388K, committed 52352K, reserved 1114112K
  class space    used 6926K, committed 7360K, reserved 1048576K
}
Event: 10.706 GC heap before
{Heap before GC invocations=19 (full 0):
 garbage-first heap   total 385024K, used 326988K [0x000000051a000000, 0x0000000800000000)
  region size 8192K, 21 young (172032K), 3 survivors (24576K)
 Metaspace       used 53345K, committed 54272K, reserved 1114112K
  class space    used 7399K, committed 7808K, reserved 1048576K
}
Event: 10.721 GC heap after
{Heap after GC invocations=20 (full 0):
 garbage-first heap   total 491520K, used 187624K [0x000000051a000000, 0x0000000800000000)
  region size 8192K, 3 young (24576K), 3 survivors (24576K)
 Metaspace       used 53345K, committed 54272K, reserved 1114112K
  class space    used 7399K, committed 7808K, reserved 1048576K
}
Event: 11.287 GC heap before
{Heap before GC invocations=20 (full 0):
 garbage-first heap   total 491520K, used 285928K [0x000000051a000000, 0x0000000800000000)
  region size 8192K, 16 young (131072K), 3 survivors (24576K)
 Metaspace       used 59849K, committed 60736K, reserved 1114112K
  class space    used 8792K, committed 9216K, reserved 1048576K
}
Event: 11.296 GC heap after
{Heap after GC invocations=21 (full 0):
 garbage-first heap   total 491520K, used 193574K [0x000000051a000000, 0x0000000800000000)
  region size 8192K, 2 young (16384K), 2 survivors (16384K)
 Metaspace       used 59849K, committed 60736K, reserved 1114112K
  class space    used 8792K, committed 9216K, reserved 1048576K
}
Event: 13.946 GC heap before
{Heap before GC invocations=22 (full 0):
 garbage-first heap   total 491520K, used 439334K [0x000000051a000000, 0x0000000800000000)
  region size 8192K, 32 young (262144K), 2 survivors (16384K)
 Metaspace       used 79323K, committed 80448K, reserved 1179648K
  class space    used 13254K, committed 13760K, reserved 1048576K
}
Event: 13.972 GC heap after
{Heap after GC invocations=23 (full 0):
 garbage-first heap   total 491520K, used 208417K [0x000000051a000000, 0x0000000800000000)
  region size 8192K, 4 young (32768K), 4 survivors (32768K)
 Metaspace       used 79323K, committed 80448K, reserved 1179648K
  class space    used 13254K, committed 13760K, reserved 1048576K
}
Event: 16.769 GC heap before
{Heap before GC invocations=23 (full 0):
 garbage-first heap   total 491520K, used 437793K [0x000000051a000000, 0x0000000800000000)
  region size 8192K, 32 young (262144K), 4 survivors (32768K)
 Metaspace       used 96559K, committed 97856K, reserved 1179648K
  class space    used 15894K, committed 16448K, reserved 1048576K
}
Event: 16.798 GC heap after
{Heap after GC invocations=24 (full 0):
 garbage-first heap   total 499712K, used 221200K [0x000000051a000000, 0x0000000800000000)
  region size 8192K, 4 young (32768K), 4 survivors (32768K)
 Metaspace       used 96559K, committed 97856K, reserved 1179648K
  class space    used 15894K, committed 16448K, reserved 1048576K
}
Event: 17.763 GC heap before
{Heap before GC invocations=24 (full 0):
 garbage-first heap   total 499712K, used 360464K [0x000000051a000000, 0x0000000800000000)
  region size 8192K, 22 young (180224K), 4 survivors (32768K)
 Metaspace       used 102905K, committed 104256K, reserved 1179648K
  class space    used 16789K, committed 17408K, reserved 1048576K
}
Event: 17.782 GC heap after
{Heap after GC invocations=25 (full 0):
 garbage-first heap   total 499712K, used 229704K [0x000000051a000000, 0x0000000800000000)
  region size 8192K, 4 young (32768K), 4 survivors (32768K)
 Metaspace       used 102905K, committed 104256K, reserved 1179648K
  class space    used 16789K, committed 17408K, reserved 1048576K
}

